INFO:root:Операнды
INFO:root:Клиент суммирует операнды
INFO:root:Клиент суммирует операнды
INFO:root:Операнды [2, 2]
INFO:root:Клиент суммирует операнды
INFO:root:Операнды [8, 10]
INFO:root:Клиент суммирует операнды
12-May-21 14:12:57 - Операнды [8, 10]
12-May-21 14:12:57 - Клиент суммирует операнды
12-May-21 14:13:01 - Операнды [8, 10]
12-May-21 14:13:01 - Клиент минусирует операнды
12-May-21 14:13:35 - Операнды [8, 10]
12-May-21 14:13:35 - Клиент минусирует операнды
12-May-21 14:13:35 - Операнды -2
12-May-21 14:13:38 - Операнды [8, 10]
12-May-21 14:13:38 - Клиент суммирует операнды
12-May-21 14:13:38 - Операнды 18
12-May-21 14:14:59 - Операнды [8, 10]
12-May-21 14:14:59 - Клиент суммирует операнды
12-May-21 14:14:59 - Результат операции 18
12-May-21 14:15:03 - Операнды [8, 10]
12-May-21 14:15:03 - Клиент минусирует операнды
12-May-21 14:15:03 - Результат операции -2
12-May-21 14:28:56 - Якщо і далі будеш так лупити по клаві я передам твій IP в органи, аппха запущена, акуратно!
12-May-21 14:28:56 - Операнды [8, 10]
12-May-21 14:28:56 - Клиент суммирует операнды
12-May-21 14:28:56 - Результат операции 18
12-May-21 14:37:37 - Якщо і далі будеш так лупити по клаві я передам твій IP в органи, аппха запущена, акуратно!
12-May-21 14:37:37 - Операнды [8, 10]
12-May-21 14:37:37 - Клиент суммирует операнды
12-May-21 14:37:37 - Результат операции 18
12-May-21 14:37:49 - Якщо і далі будеш так лупити по клаві я передам твій IP в органи, аппха запущена, акуратно!
12-May-21 14:37:49 - Операнды [8, 10]
12-May-21 14:37:49 - Клиент минусирует операнды
12-May-21 14:37:49 - Результат операции -2
12-May-21 14:57:40 - Операнды [100, 1236589]
12-May-21 14:57:40 - Клиент суммирует операнды
12-May-21 14:57:40 - Результат операции 1236689
2021-05-12 15:03:51,667 root INFO:Операнды [100, 1236589]
2021-05-12 15:03:51,667 root INFO:Клиент суммирует операнды
2021-05-12 15:03:51,667 root INFO:Результат операции 1236689
